<?xml version="1.0" encoding="UTF-8"?>
<!-- Generated by org.testng.reporters.JUnitReportReporter -->
<testsuite hostname="DESKTOP-IKD2D8I" failures="0" tests="1" name="ProjectModule.AddSingleProjectWithCreated" time="2.805" errors="0" timestamp="13 Aug 2024 09:30:15 GMT" skipped="0">
  <testcase classname="ProjectModule.AddSingleProjectWithCreated" name="createSingleProject" time="2.805"/>
</testsuite> <!-- ProjectModule.AddSingleProjectWithCreated -->
