<?xml version="1.0" encoding="UTF-8"?>
<!-- Generated by org.testng.reporters.JUnitReportReporter -->
<testsuite hostname="DESKTOP-IKD2D8I" failures="0" tests="1" name="ProjectModule.AddSingleProjectWithCreated" time="3.022" errors="0" timestamp="13 Aug 2024 09:48:35 GMT" skipped="0">
  <testcase classname="ProjectModule.AddSingleProjectWithCreated" name="createSingleProject" time="3.022"/>
</testsuite> <!-- ProjectModule.AddSingleProjectWithCreated -->
